<?xml version="1.0" encoding="UTF-8"?>
<!-- Generated by org.testng.reporters.JUnitXMLReporter -->
<testsuite hostname="CNTR0019" ignored="0" name="Command line test" tests="5" failures="0" timestamp="2023-08-17T22:46:57 EET" time="201.131" errors="0">
  <testcase name="AnyNewsLinksCheck" time="180.701" classname="Test.TechCrunch_Test"/>
  <testcase name="AnyNewsTitleCheck" time="7.498" classname="Test.TechCrunch_Test"/>
  <testcase name="OpenLink" time="2.399" classname="Test.TechCrunch_Test"/>
  <testcase name="TheLatestNewsAuthorCheck" time="3.03" classname="Test.TechCrunch_Test"/>
  <testcase name="TheLatestNewsImageCheck" time="2.83" classname="Test.TechCrunch_Test"/>
</testsuite> <!-- Command line test -->
